
*** Running vivado
    with args -log lab2_wrapper.vdi -applog -m64 -product Vivado -messageDb vivado.pb -mode batch -source lab2_wrapper.tcl -notrace


****** Vivado v2017.2 (64-bit)
  **** SW Build 1909853 on Thu Jun 15 18:39:10 MDT 2017
  **** IP Build 1909766 on Thu Jun 15 19:58:00 MDT 2017
    ** Copyright 1986-2017 Xilinx, Inc. All Rights Reserved.

source lab2_wrapper.tcl -notrace
Design is defaulting to srcset: sources_1
Design is defaulting to constrset: constrs_1
INFO: [Netlist 29-17] Analyzing 4 Unisim elements for replacement
INFO: [Netlist 29-28] Unisim Transformation completed in 0 CPU seconds
INFO: [Project 1-479] Netlist was created with Vivado 2017.2
INFO: [Device 21-403] Loading part xc7z010clg400-1
INFO: [Project 1-570] Preparing netlist for logic optimization
Parsing XDC File [/home/comparch/Desktop/LoganLab2/Lab2/project_2_freshstart/project_2_freshstart.srcs/constrs_1/imports/Desktop/ZYBO_Master.xdc]
Finished Parsing XDC File [/home/comparch/Desktop/LoganLab2/Lab2/project_2_freshstart/project_2_freshstart.srcs/constrs_1/imports/Desktop/ZYBO_Master.xdc]
INFO: [Opt 31-138] Pushed 0 inverter(s) to 0 load pin(s).
INFO: [Project 1-111] Unisim Transformation Summary:
No Unisim elements were transformed.

link_design: Time (s): cpu = 00:00:05 ; elapsed = 00:00:09 . Memory (MB): peak = 1307.199 ; gain = 222.145 ; free physical = 70 ; free virtual = 1346
Command: opt_design
Attempting to get a license for feature 'Implementation' and/or device 'xc7z010-clg400'
INFO: [Common 17-349] Got license for feature 'Implementation' and/or device 'xc7z010-clg400'
Running DRC as a precondition to command opt_design

Starting DRC Task
Command: report_drc (run_mandatory_drcs) for: opt_checks
report_drc (run_mandatory_drcs) completed successfully
INFO: [Project 1-461] DRC finished with 0 Errors
INFO: [Project 1-462] Please refer to the DRC report (report_drc) for more information.

Time (s): cpu = 00:00:00.14 ; elapsed = 00:00:00.33 . Memory (MB): peak = 1316.203 ; gain = 9.004 ; free physical = 67 ; free virtual = 1344
INFO: [Timing 38-35] Done setting XDC timing constraints.

Starting Logic Optimization Task

Phase 1 Retarget
INFO: [Opt 31-138] Pushed 0 inverter(s) to 0 load pin(s).
INFO: [Opt 31-49] Retargeted 0 cell(s).
Phase 1 Retarget | Checksum: 1713a94cd

Time (s): cpu = 00:00:00.02 ; elapsed = 00:00:00.14 . Memory (MB): peak = 1772.695 ; gain = 0.000 ; free physical = 92 ; free virtual = 989
INFO: [Opt 31-389] Phase Retarget created 0 cells and removed 0 cells

Phase 2 Constant propagation
INFO: [Opt 31-138] Pushed 0 inverter(s) to 0 load pin(s).
Phase 2 Constant propagation | Checksum: 1713a94cd

Time (s): cpu = 00:00:00.02 ; elapsed = 00:00:00.17 . Memory (MB): peak = 1772.695 ; gain = 0.000 ; free physical = 91 ; free virtual = 989
INFO: [Opt 31-389] Phase Constant propagation created 0 cells and removed 0 cells

Phase 3 Sweep
Phase 3 Sweep | Checksum: cad9f257

Time (s): cpu = 00:00:00.03 ; elapsed = 00:00:00.24 . Memory (MB): peak = 1772.695 ; gain = 0.000 ; free physical = 88 ; free virtual = 989
INFO: [Opt 31-389] Phase Sweep created 5 cells and removed 0 cells

Phase 4 BUFG optimization
Phase 4 BUFG optimization | Checksum: cad9f257

Time (s): cpu = 00:00:00.03 ; elapsed = 00:00:00.25 . Memory (MB): peak = 1772.695 ; gain = 0.000 ; free physical = 87 ; free virtual = 989
INFO: [Opt 31-389] Phase BUFG optimization created 0 cells and removed 0 cells

Phase 5 Shift Register Optimization
Phase 5 Shift Register Optimization | Checksum: cad9f257

Time (s): cpu = 00:00:00.03 ; elapsed = 00:00:00.25 . Memory (MB): peak = 1772.695 ; gain = 0.000 ; free physical = 87 ; free virtual = 989
INFO: [Opt 31-389] Phase Shift Register Optimization created 0 cells and removed 0 cells

Starting Connectivity Check Task

Time (s): cpu = 00:00:00 ; elapsed = 00:00:00 . Memory (MB): peak = 1772.695 ; gain = 0.000 ; free physical = 87 ; free virtual = 989
Ending Logic Optimization Task | Checksum: cad9f257

Time (s): cpu = 00:00:00.03 ; elapsed = 00:00:00.25 . Memory (MB): peak = 1772.695 ; gain = 0.000 ; free physical = 87 ; free virtual = 989

Starting Power Optimization Task
INFO: [Pwropt 34-132] Skipping clock gating for clocks with a period < 2.00 ns.
Ending Power Optimization Task | Checksum: 1b281726d

Time (s): cpu = 00:00:00.01 ; elapsed = 00:00:00.03 . Memory (MB): peak = 1772.695 ; gain = 0.000 ; free physical = 84 ; free virtual = 989
20 Infos, 0 Warnings, 0 Critical Warnings and 0 Errors encountered.
opt_design completed successfully
opt_design: Time (s): cpu = 00:00:08 ; elapsed = 00:00:16 . Memory (MB): peak = 1772.695 ; gain = 465.496 ; free physical = 83 ; free virtual = 989
Writing placer database...
Writing XDEF routing.
Writing XDEF routing logical nets.
Writing XDEF routing special nets.
Write XDEF Complete: Time (s): cpu = 00:00:00.02 ; elapsed = 00:00:00.03 . Memory (MB): peak = 1772.695 ; gain = 0.000 ; free physical = 75 ; free virtual = 989
INFO: [Common 17-1381] The checkpoint '/home/comparch/Desktop/LoganLab2/Lab2/project_2_freshstart/project_2_freshstart.runs/impl_1/lab2_wrapper_opt.dcp' has been generated.
Command: report_drc -file lab2_wrapper_drc_opted.rpt
INFO: [Coretcl 2-168] The results of DRC are in file /home/comparch/Desktop/LoganLab2/Lab2/project_2_freshstart/project_2_freshstart.runs/impl_1/lab2_wrapper_drc_opted.rpt.
report_drc completed successfully
INFO: [Chipscope 16-241] No debug cores found in the current design.
Before running the implement_debug_core command, either use the Set Up Debug wizard (GUI mode)
or use the create_debug_core and connect_debug_core Tcl commands to insert debug cores into the design.
Command: place_design
Attempting to get a license for feature 'Implementation' and/or device 'xc7z010-clg400'
INFO: [Common 17-349] Got license for feature 'Implementation' and/or device 'xc7z010-clg400'
Command: report_drc (run_mandatory_drcs) for: incr_eco_checks
report_drc (run_mandatory_drcs) completed successfully
INFO: [Vivado_Tcl 4-198] DRC finished with 0 Errors
INFO: [Vivado_Tcl 4-199] Please refer to the DRC report (report_drc) for more information.
Running DRC as a precondition to command place_design
Command: report_drc (run_mandatory_drcs) for: placer_checks
report_drc (run_mandatory_drcs) completed successfully
INFO: [Vivado_Tcl 4-198] DRC finished with 0 Errors
INFO: [Vivado_Tcl 4-199] Please refer to the DRC report (report_drc) for more information.

Starting Placer Task

Phase 1 Placer Initialization

Phase 1.1 Placer Initialization Netlist Sorting
Netlist sorting complete. Time (s): cpu = 00:00:00 ; elapsed = 00:00:00 . Memory (MB): peak = 1780.699 ; gain = 0.000 ; free physical = 74 ; free virtual = 980
Phase 1.1 Placer Initialization Netlist Sorting | Checksum: 16eb3a3f6

Time (s): cpu = 00:00:00 ; elapsed = 00:00:00.01 . Memory (MB): peak = 1780.699 ; gain = 0.000 ; free physical = 74 ; free virtual = 980
INFO: [Timing 38-35] Done setting XDC timing constraints.
INFO: [Opt 31-138] Pushed 0 inverter(s) to 0 load pin(s).
Netlist sorting complete. Time (s): cpu = 00:00:00 ; elapsed = 00:00:00 . Memory (MB): peak = 1780.699 ; gain = 0.000 ; free physical = 74 ; free virtual = 980

Phase 1.2 IO Placement/ Clock Placement/ Build Placer Device
INFO: [Timing 38-35] Done setting XDC timing constraints.
Phase 1.2 IO Placement/ Clock Placement/ Build Placer Device | Checksum: f9eb0a13

Time (s): cpu = 00:00:00.33 ; elapsed = 00:00:00.92 . Memory (MB): peak = 1780.699 ; gain = 0.000 ; free physical = 66 ; free virtual = 980

Phase 1.3 Build Placer Netlist Model
Phase 1.3 Build Placer Netlist Model | Checksum: 1a55c9a0e

Time (s): cpu = 00:00:00.34 ; elapsed = 00:00:00.98 . Memory (MB): peak = 1780.699 ; gain = 0.000 ; free physical = 63 ; free virtual = 980

Phase 1.4 Constrain Clocks/Macros
Phase 1.4 Constrain Clocks/Macros | Checksum: 1a55c9a0e

Time (s): cpu = 00:00:00.34 ; elapsed = 00:00:01 . Memory (MB): peak = 1780.699 ; gain = 0.000 ; free physical = 74 ; free virtual = 979
Phase 1 Placer Initialization | Checksum: 1a55c9a0e

Time (s): cpu = 00:00:00.34 ; elapsed = 00:00:01 . Memory (MB): peak = 1780.699 ; gain = 0.000 ; free physical = 74 ; free virtual = 979

Phase 2 Global Placement
WARNING: [Place 46-30] place_design is not in timing mode. Skip physical synthesis in placer
Phase 2 Global Placement | Checksum: 131b360c7

Time (s): cpu = 00:00:00.39 ; elapsed = 00:00:01 . Memory (MB): peak = 1780.699 ; gain = 0.000 ; free physical = 74 ; free virtual = 978

Phase 3 Detail Placement

Phase 3.1 Commit Multi Column Macros
Phase 3.1 Commit Multi Column Macros | Checksum: 131b360c7

Time (s): cpu = 00:00:00.40 ; elapsed = 00:00:01 . Memory (MB): peak = 1780.699 ; gain = 0.000 ; free physical = 74 ; free virtual = 978

Phase 3.2 Commit Most Macros & LUTRAMs
Phase 3.2 Commit Most Macros & LUTRAMs | Checksum: 1ef7f9f6e

Time (s): cpu = 00:00:00.40 ; elapsed = 00:00:01 . Memory (MB): peak = 1780.699 ; gain = 0.000 ; free physical = 74 ; free virtual = 978

Phase 3.3 Area Swap Optimization
Phase 3.3 Area Swap Optimization | Checksum: 154ee63e4

Time (s): cpu = 00:00:00.40 ; elapsed = 00:00:01 . Memory (MB): peak = 1780.699 ; gain = 0.000 ; free physical = 74 ; free virtual = 978

Phase 3.4 Pipeline Register Optimization
Phase 3.4 Pipeline Register Optimization | Checksum: 154ee63e4

Time (s): cpu = 00:00:00.40 ; elapsed = 00:00:01 . Memory (MB): peak = 1780.699 ; gain = 0.000 ; free physical = 74 ; free virtual = 978

Phase 3.5 Small Shape Detail Placement
Phase 3.5 Small Shape Detail Placement | Checksum: a5397dd8

Time (s): cpu = 00:00:00.45 ; elapsed = 00:00:01 . Memory (MB): peak = 1780.699 ; gain = 0.000 ; free physical = 69 ; free virtual = 977

Phase 3.6 Re-assign LUT pins
Phase 3.6 Re-assign LUT pins | Checksum: a5397dd8

Time (s): cpu = 00:00:00.45 ; elapsed = 00:00:01 . Memory (MB): peak = 1780.699 ; gain = 0.000 ; free physical = 69 ; free virtual = 977

Phase 3.7 Pipeline Register Optimization
Phase 3.7 Pipeline Register Optimization | Checksum: a5397dd8

Time (s): cpu = 00:00:00.46 ; elapsed = 00:00:01 . Memory (MB): peak = 1780.699 ; gain = 0.000 ; free physical = 69 ; free virtual = 977
Phase 3 Detail Placement | Checksum: a5397dd8

Time (s): cpu = 00:00:00.46 ; elapsed = 00:00:01 . Memory (MB): peak = 1780.699 ; gain = 0.000 ; free physical = 69 ; free virtual = 977

Phase 4 Post Placement Optimization and Clean-Up

Phase 4.1 Post Commit Optimization
Phase 4.1 Post Commit Optimization | Checksum: a5397dd8

Time (s): cpu = 00:00:00.46 ; elapsed = 00:00:01 . Memory (MB): peak = 1780.699 ; gain = 0.000 ; free physical = 69 ; free virtual = 977

Phase 4.2 Post Placement Cleanup
Phase 4.2 Post Placement Cleanup | Checksum: a5397dd8

Time (s): cpu = 00:00:00.46 ; elapsed = 00:00:01 . Memory (MB): peak = 1780.699 ; gain = 0.000 ; free physical = 69 ; free virtual = 977

Phase 4.3 Placer Reporting
Phase 4.3 Placer Reporting | Checksum: a5397dd8

Time (s): cpu = 00:00:00.46 ; elapsed = 00:00:01 . Memory (MB): peak = 1780.699 ; gain = 0.000 ; free physical = 69 ; free virtual = 977

Phase 4.4 Final Placement Cleanup
Phase 4.4 Final Placement Cleanup | Checksum: f40da953

Time (s): cpu = 00:00:00.46 ; elapsed = 00:00:01 . Memory (MB): peak = 1780.699 ; gain = 0.000 ; free physical = 69 ; free virtual = 977
Phase 4 Post Placement Optimization and Clean-Up | Checksum: f40da953

Time (s): cpu = 00:00:00.46 ; elapsed = 00:00:01 . Memory (MB): peak = 1780.699 ; gain = 0.000 ; free physical = 69 ; free virtual = 977
Ending Placer Task | Checksum: 902b657c

Time (s): cpu = 00:00:00.46 ; elapsed = 00:00:01 . Memory (MB): peak = 1780.699 ; gain = 0.000 ; free physical = 70 ; free virtual = 978
31 Infos, 1 Warnings, 0 Critical Warnings and 0 Errors encountered.
place_design completed successfully
Writing placer database...
Writing XDEF routing.
Writing XDEF routing logical nets.
Writing XDEF routing special nets.
Write XDEF Complete: Time (s): cpu = 00:00:00.02 ; elapsed = 00:00:00.03 . Memory (MB): peak = 1780.699 ; gain = 0.000 ; free physical = 69 ; free virtual = 980
INFO: [Common 17-1381] The checkpoint '/home/comparch/Desktop/LoganLab2/Lab2/project_2_freshstart/project_2_freshstart.runs/impl_1/lab2_wrapper_placed.dcp' has been generated.
report_io: Time (s): cpu = 00:00:00.10 ; elapsed = 00:00:00.19 . Memory (MB): peak = 1780.699 ; gain = 0.000 ; free physical = 81 ; free virtual = 971
report_utilization: Time (s): cpu = 00:00:00.06 ; elapsed = 00:00:00.14 . Memory (MB): peak = 1780.699 ; gain = 0.000 ; free physical = 87 ; free virtual = 979
report_control_sets: Time (s): cpu = 00:00:00.07 ; elapsed = 00:00:00.17 . Memory (MB): peak = 1780.699 ; gain = 0.000 ; free physical = 85 ; free virtual = 977
Command: route_design
Attempting to get a license for feature 'Implementation' and/or device 'xc7z010-clg400'
INFO: [Common 17-349] Got license for feature 'Implementation' and/or device 'xc7z010-clg400'
Running DRC as a precondition to command route_design
Command: report_drc (run_mandatory_drcs) for: router_checks
report_drc (run_mandatory_drcs) completed successfully
INFO: [Vivado_Tcl 4-198] DRC finished with 0 Errors
INFO: [Vivado_Tcl 4-199] Please refer to the DRC report (report_drc) for more information.


Starting Routing Task
Checksum: PlaceDB: 3337b348 ConstDB: 0 ShapeSum: 5cf3b234 RouteDB: 0

Phase 1 Build RT Design
Phase 1 Build RT Design | Checksum: 16ed4557e

Time (s): cpu = 00:00:09 ; elapsed = 00:00:17 . Memory (MB): peak = 1820.699 ; gain = 40.000 ; free physical = 91 ; free virtual = 902

Phase 2 Router Initialization
INFO: [Route 35-64] No timing constraints were detected. The router will operate in resource-optimization mode.

Phase 2.1 Fix Topology Constraints
Phase 2.1 Fix Topology Constraints | Checksum: 16ed4557e

Time (s): cpu = 00:00:09 ; elapsed = 00:00:17 . Memory (MB): peak = 1824.699 ; gain = 44.000 ; free physical = 81 ; free virtual = 899

Phase 2.2 Pre Route Cleanup
Phase 2.2 Pre Route Cleanup | Checksum: 16ed4557e

Time (s): cpu = 00:00:09 ; elapsed = 00:00:17 . Memory (MB): peak = 1824.699 ; gain = 44.000 ; free physical = 81 ; free virtual = 899
 Number of Nodes with overlaps = 0
Phase 2 Router Initialization | Checksum: c9ab31ea

Time (s): cpu = 00:00:09 ; elapsed = 00:00:17 . Memory (MB): peak = 1832.699 ; gain = 52.000 ; free physical = 73 ; free virtual = 892

Phase 3 Initial Routing
Phase 3 Initial Routing | Checksum: 5e036487

Time (s): cpu = 00:00:09 ; elapsed = 00:00:17 . Memory (MB): peak = 1832.699 ; gain = 52.000 ; free physical = 74 ; free virtual = 894

Phase 4 Rip-up And Reroute

Phase 4.1 Global Iteration 0
 Number of Nodes with overlaps = 2
 Number of Nodes with overlaps = 0
Phase 4.1 Global Iteration 0 | Checksum: a7484467

Time (s): cpu = 00:00:09 ; elapsed = 00:00:17 . Memory (MB): peak = 1832.699 ; gain = 52.000 ; free physical = 73 ; free virtual = 893
Phase 4 Rip-up And Reroute | Checksum: a7484467

Time (s): cpu = 00:00:09 ; elapsed = 00:00:17 . Memory (MB): peak = 1832.699 ; gain = 52.000 ; free physical = 73 ; free virtual = 893

Phase 5 Delay and Skew Optimization
Phase 5 Delay and Skew Optimization | Checksum: a7484467

Time (s): cpu = 00:00:09 ; elapsed = 00:00:17 . Memory (MB): peak = 1832.699 ; gain = 52.000 ; free physical = 73 ; free virtual = 894

Phase 6 Post Hold Fix

Phase 6.1 Hold Fix Iter
Phase 6.1 Hold Fix Iter | Checksum: a7484467

Time (s): cpu = 00:00:09 ; elapsed = 00:00:17 . Memory (MB): peak = 1832.699 ; gain = 52.000 ; free physical = 73 ; free virtual = 894
Phase 6 Post Hold Fix | Checksum: a7484467

Time (s): cpu = 00:00:09 ; elapsed = 00:00:17 . Memory (MB): peak = 1832.699 ; gain = 52.000 ; free physical = 73 ; free virtual = 894

Phase 7 Route finalize

Router Utilization Summary
  Global Vertical Routing Utilization    = 0.0343468 %
  Global Horizontal Routing Utilization  = 0.00804228 %
  Routable Net Status*
  *Does not include unroutable nets such as driverless and loadless.
  Run report_route_status for detailed report.
  Number of Failed Nets               = 0
  Number of Unrouted Nets             = 0
  Number of Partially Routed Nets     = 0
  Number of Node Overlaps             = 0

Congestion Report
North Dir 1x1 Area, Max Cong = 17.1171%, No Congested Regions.
South Dir 1x1 Area, Max Cong = 16.2162%, No Congested Regions.
East Dir 1x1 Area, Max Cong = 8.82353%, No Congested Regions.
West Dir 1x1 Area, Max Cong = 2.94118%, No Congested Regions.
Phase 7 Route finalize | Checksum: a7484467

Time (s): cpu = 00:00:09 ; elapsed = 00:00:17 . Memory (MB): peak = 1832.699 ; gain = 52.000 ; free physical = 73 ; free virtual = 894

Phase 8 Verifying routed nets

 Verification completed successfully
Phase 8 Verifying routed nets | Checksum: a7484467

Time (s): cpu = 00:00:09 ; elapsed = 00:00:17 . Memory (MB): peak = 1834.699 ; gain = 54.000 ; free physical = 73 ; free virtual = 893

Phase 9 Depositing Routes
Phase 9 Depositing Routes | Checksum: 86e4b1c5

Time (s): cpu = 00:00:09 ; elapsed = 00:00:17 . Memory (MB): peak = 1834.699 ; gain = 54.000 ; free physical = 72 ; free virtual = 893
INFO: [Route 35-16] Router Completed Successfully

Time (s): cpu = 00:00:09 ; elapsed = 00:00:17 . Memory (MB): peak = 1834.699 ; gain = 54.000 ; free physical = 70 ; free virtual = 895

Routing Is Done.
37 Infos, 1 Warnings, 0 Critical Warnings and 0 Errors encountered.
route_design completed successfully
route_design: Time (s): cpu = 00:00:10 ; elapsed = 00:00:18 . Memory (MB): peak = 1868.590 ; gain = 87.891 ; free physical = 64 ; free virtual = 895
Writing placer database...
Writing XDEF routing.
Writing XDEF routing logical nets.
Writing XDEF routing special nets.
Write XDEF Complete: Time (s): cpu = 00:00:00.02 ; elapsed = 00:00:00.04 . Memory (MB): peak = 1868.590 ; gain = 0.000 ; free physical = 79 ; free virtual = 888
INFO: [Common 17-1381] The checkpoint '/home/comparch/Desktop/LoganLab2/Lab2/project_2_freshstart/project_2_freshstart.runs/impl_1/lab2_wrapper_routed.dcp' has been generated.
Command: report_drc -file lab2_wrapper_drc_routed.rpt -pb lab2_wrapper_drc_routed.pb -rpx lab2_wrapper_drc_routed.rpx
INFO: [Coretcl 2-168] The results of DRC are in file /home/comparch/Desktop/LoganLab2/Lab2/project_2_freshstart/project_2_freshstart.runs/impl_1/lab2_wrapper_drc_routed.rpt.
report_drc completed successfully
Command: report_methodology -file lab2_wrapper_methodology_drc_routed.rpt -rpx lab2_wrapper_methodology_drc_routed.rpx
INFO: [Timing 38-35] Done setting XDC timing constraints.
INFO: [Coretcl 2-1520] The results of Report Methodology are in file /home/comparch/Desktop/LoganLab2/Lab2/project_2_freshstart/project_2_freshstart.runs/impl_1/lab2_wrapper_methodology_drc_routed.rpt.
report_methodology completed successfully
Command: report_power -file lab2_wrapper_power_routed.rpt -pb lab2_wrapper_power_summary_routed.pb -rpx lab2_wrapper_power_routed.rpx
WARNING: [Power 33-232] No user defined clocks were found in the design!
Resolution: Please specify clocks using create_clock/create_generated_clock for sequential elements. For pure combinatorial circuits, please specify a virtual clock, otherwise the vectorless estimation might be inaccurate
INFO: [Timing 38-35] Done setting XDC timing constraints.
Running Vector-less Activity Propagation...

Finished Running Vector-less Activity Propagation
42 Infos, 2 Warnings, 0 Critical Warnings and 0 Errors encountered.
report_power completed successfully
INFO: [Timing 38-91] UpdateTimingParams: Speed grade: -1, Delay Type: min_max.
WARNING: [Timing 38-313] There are no user specified timing constraints. Timing constraints are needed for proper timing analysis.
INFO: [Common 17-206] Exiting Vivado at Wed Oct 25 21:42:09 2017...

*** Running vivado
    with args -log lab2_wrapper.vdi -applog -m64 -product Vivado -messageDb vivado.pb -mode batch -source lab2_wrapper.tcl -notrace


****** Vivado v2017.2 (64-bit)
  **** SW Build 1909853 on Thu Jun 15 18:39:10 MDT 2017
  **** IP Build 1909766 on Thu Jun 15 19:58:00 MDT 2017
    ** Copyright 1986-2017 Xilinx, Inc. All Rights Reserved.

source lab2_wrapper.tcl -notrace
Command: open_checkpoint lab2_wrapper_routed.dcp

Starting open_checkpoint Task

Time (s): cpu = 00:00:00.03 ; elapsed = 00:00:00.06 . Memory (MB): peak = 1083.039 ; gain = 0.000 ; free physical = 485 ; free virtual = 1615
INFO: [Netlist 29-17] Analyzing 4 Unisim elements for replacement
INFO: [Netlist 29-28] Unisim Transformation completed in 0 CPU seconds
INFO: [Project 1-479] Netlist was created with Vivado 2017.2
INFO: [Device 21-403] Loading part xc7z010clg400-1
/opt/Xilinx/Vivado/2017.2/bin/loader: line 179: 14511 Killed                  "$RDI_PROG" "$@"

*** Running vivado
    with args -log lab2_wrapper.vdi -applog -m64 -product Vivado -messageDb vivado.pb -mode batch -source lab2_wrapper.tcl -notrace


****** Vivado v2017.2 (64-bit)
  **** SW Build 1909853 on Thu Jun 15 18:39:10 MDT 2017
  **** IP Build 1909766 on Thu Jun 15 19:58:00 MDT 2017
    ** Copyright 1986-2017 Xilinx, Inc. All Rights Reserved.

source lab2_wrapper.tcl -notrace
Command: open_checkpoint lab2_wrapper_routed.dcp

Starting open_checkpoint Task

Time (s): cpu = 00:00:00.03 ; elapsed = 00:00:00.11 . Memory (MB): peak = 1083.047 ; gain = 0.000 ; free physical = 386 ; free virtual = 1598
INFO: [Netlist 29-17] Analyzing 4 Unisim elements for replacement
INFO: [Netlist 29-28] Unisim Transformation completed in 0 CPU seconds
INFO: [Project 1-479] Netlist was created with Vivado 2017.2
INFO: [Device 21-403] Loading part xc7z010clg400-1
INFO: [Project 1-570] Preparing netlist for logic optimization
Parsing XDC File [/home/comparch/Desktop/LoganLab2/Lab2/project_2_freshstart/project_2_freshstart.runs/impl_1/.Xil/Vivado-14667-comparch-VirtualBox/dcp3/lab2_wrapper.xdc]
Finished Parsing XDC File [/home/comparch/Desktop/LoganLab2/Lab2/project_2_freshstart/project_2_freshstart.runs/impl_1/.Xil/Vivado-14667-comparch-VirtualBox/dcp3/lab2_wrapper.xdc]
Reading XDEF placement.
Reading placer database...
Reading XDEF routing.
Read XDEF File: Time (s): cpu = 00:00:00.01 ; elapsed = 00:00:00.04 . Memory (MB): peak = 1304.207 ; gain = 0.000 ; free physical = 114 ; free virtual = 1343
Restored from archive | CPU: 0.010000 secs | Memory: 0.063492 MB |
Finished XDEF File Restore: Time (s): cpu = 00:00:00.01 ; elapsed = 00:00:00.04 . Memory (MB): peak = 1304.207 ; gain = 0.000 ; free physical = 114 ; free virtual = 1343
INFO: [Project 1-111] Unisim Transformation Summary:
No Unisim elements were transformed.

INFO: [Project 1-604] Checkpoint was created with Vivado v2017.2 (64-bit) build 1909853
open_checkpoint: Time (s): cpu = 00:00:05 ; elapsed = 00:00:08 . Memory (MB): peak = 1304.207 ; gain = 221.160 ; free physical = 115 ; free virtual = 1342
Command: write_bitstream -force lab2_wrapper.bit
Attempting to get a license for feature 'Implementation' and/or device 'xc7z010-clg400'
INFO: [Common 17-349] Got license for feature 'Implementation' and/or device 'xc7z010-clg400'
Running DRC as a precondition to command write_bitstream
Command: report_drc (run_mandatory_drcs) for: bitstream_checks
WARNING: [DRC ZPS7-1] PS7 block required: The PS7 cell must be used in this Zynq design in order to enable correct default configuration.
report_drc (run_mandatory_drcs) completed successfully
INFO: [Vivado 12-3199] DRC finished with 0 Errors, 1 Warnings
INFO: [Vivado 12-3200] Please refer to the DRC report (report_drc) for more information.
INFO: [Project 1-821] Please set project.enableDesignId to be 'true'.
Loading data files...
Loading site data...
Loading route data...
Processing options...
Creating bitmap...
Creating bitstream...
Writing bitstream ./lab2_wrapper.bit...
INFO: [Vivado 12-1842] Bitgen Completed Successfully.
INFO: [Project 1-120] WebTalk data collection is mandatory when using a WebPACK part without a full Vivado license. To see the specific WebTalk data collected for your design, open the usage_statistics_webtalk.html or usage_statistics_webtalk.xml file in the implementation directory.
INFO: [Common 17-186] '/home/comparch/Desktop/LoganLab2/Lab2/project_2_freshstart/project_2_freshstart.runs/impl_1/usage_statistics_webtalk.xml' has been successfully sent to Xilinx on Wed Oct 25 21:44:09 2017. For additional details about this file, please refer to the WebTalk help file at /opt/Xilinx/Vivado/2017.2/doc/webtalk_introduction.html.
14 Infos, 1 Warnings, 0 Critical Warnings and 0 Errors encountered.
write_bitstream completed successfully
write_bitstream: Time (s): cpu = 00:00:08 ; elapsed = 00:00:23 . Memory (MB): peak = 1718.027 ; gain = 413.820 ; free physical = 362 ; free virtual = 1318
INFO: [Common 17-206] Exiting Vivado at Wed Oct 25 21:44:09 2017...
